{"/home/runner/workspace/client/src/components/AddSourceModal.tsx": {"path":"/home/runner/workspace/client/src/components/AddSourceModal.tsx","statementMap":{"0":{"start":{"line":1,"column":20},"end":{"line":38,"column":3}},"1":{"start":{"line":2,"column":4},"end":{"line":5,"column":5}},"2":{"start":{"line":3,"column":6},"end":{"line":3,"column":30}},"3":{"start":{"line":4,"column":6},"end":{"line":4,"column":13}},"4":{"start":{"line":7,"column":4},"end":{"line":37,"column":5}},"5":{"start":{"line":8,"column":6},"end":{"line":8,"column":23}},"6":{"start":{"line":9,"column":6},"end":{"line":9,"column":21}},"7":{"start":{"line":11,"column":20},"end":{"line":11,"column":54}},"8":{"start":{"line":13,"column":23},"end":{"line":23,"column":8}},"9":{"start":{"line":25,"column":6},"end":{"line":29,"column":7}},"10":{"start":{"line":26,"column":26},"end":{"line":26,"column":47}},"11":{"start":{"line":27,"column":8},"end":{"line":27,"column":61}},"12":{"start":{"line":28,"column":8},"end":{"line":28,"column":15}},"13":{"start":{"line":31,"column":19},"end":{"line":31,"column":40}},"14":{"start":{"line":32,"column":6},"end":{"line":32,"column":26}},"15":{"start":{"line":33,"column":6},"end":{"line":33,"column":24}},"16":{"start":{"line":35,"column":6},"end":{"line":35,"column":38}},"17":{"start":{"line":36,"column":6},"end":{"line":36,"column":24}}},"fnMap":{"0":{"name":"(anonymous_0)","decl":{"start":{"line":1,"column":20},"end":{"line":1,"column":21}},"loc":{"start":{"line":1,"column":32},"end":{"line":38,"column":3}},"line":1}},"branchMap":{"0":{"loc":{"start":{"line":2,"column":4},"end":{"line":5,"column":5}},"type":"if","locations":[{"start":{"line":2,"column":4},"end":{"line":5,"column":5}},{"start":{},"end":{}}],"line":2},"1":{"loc":{"start":{"line":25,"column":6},"end":{"line":29,"column":7}},"type":"if","locations":[{"start":{"line":25,"column":6},"end":{"line":29,"column":7}},{"start":{},"end":{}}],"line":25},"2":{"loc":{"start":{"line":27,"column":17},"end":{"line":27,"column":59}},"type":"binary-expr","locations":[{"start":{"line":27,"column":17},"end":{"line":27,"column":34}},{"start":{"line":27,"column":38},"end":{"line":27,"column":59}}],"line":27}},"s":{"0":0,"1":0,"2":0,"3":0,"4":0,"5":0,"6":0,"7":0,"8":0,"9":0,"10":0,"11":0,"12":0,"13":0,"14":0,"15":0,"16":0,"17":0},"f":{"0":0},"b":{"0":[0,0],"1":[0,0],"2":[0,0]}}
,"/home/runner/workspace/client/src/components/ui/aspect-ratio.tsx": {"path":"/home/runner/workspace/client/src/components/ui/aspect-ratio.tsx","statementMap":{"0":{"start":{"line":3,"column":20},"end":{"line":3,"column":45}}},"fnMap":{},"branchMap":{},"s":{"0":0},"f":{},"b":{}}
,"/home/runner/workspace/client/src/components/ui/chart.tsx": {"path":"/home/runner/workspace/client/src/components/ui/chart.tsx","statementMap":{},"fnMap":{},"branchMap":{},"s":{},"f":{},"b":{}}
,"/home/runner/workspace/client/src/components/ui/collapsible.tsx": {"path":"/home/runner/workspace/client/src/components/ui/collapsible.tsx","statementMap":{"0":{"start":{"line":3,"column":20},"end":{"line":3,"column":45}},"1":{"start":{"line":5,"column":27},"end":{"line":5,"column":66}},"2":{"start":{"line":7,"column":27},"end":{"line":7,"column":66}}},"fnMap":{},"branchMap":{},"s":{"0":0,"1":0,"2":0},"f":{},"b":{}}
,"/home/runner/workspace/client/src/components/ui/robot-button.tsx": {"path":"/home/runner/workspace/client/src/components/ui/robot-button.tsx","statementMap":{},"fnMap":{},"branchMap":{},"s":{},"f":{},"b":{}}
,"/home/runner/workspace/client/src/hooks/use-mobile.tsx": {"path":"/home/runner/workspace/client/src/hooks/use-mobile.tsx","statementMap":{"0":{"start":{"line":3,"column":26},"end":{"line":3,"column":29}},"1":{"start":{"line":6,"column":34},"end":{"line":6,"column":80}},"2":{"start":{"line":8,"column":2},"end":{"line":16,"column":8}},"3":{"start":{"line":9,"column":16},"end":{"line":9,"column":76}},"4":{"start":{"line":10,"column":21},"end":{"line":12,"column":5}},"5":{"start":{"line":11,"column":6},"end":{"line":11,"column":56}},"6":{"start":{"line":13,"column":4},"end":{"line":13,"column":44}},"7":{"start":{"line":14,"column":4},"end":{"line":14,"column":54}},"8":{"start":{"line":15,"column":4},"end":{"line":15,"column":60}},"9":{"start":{"line":15,"column":17},"end":{"line":15,"column":60}},"10":{"start":{"line":18,"column":2},"end":{"line":18,"column":19}}},"fnMap":{"0":{"name":"useIsMobile","decl":{"start":{"line":5,"column":16},"end":{"line":5,"column":27}},"loc":{"start":{"line":5,"column":30},"end":{"line":19,"column":1}},"line":5},"1":{"name":"(anonymous_1)","decl":{"start":{"line":8,"column":18},"end":{"line":8,"column":19}},"loc":{"start":{"line":8,"column":24},"end":{"line":16,"column":3}},"line":8},"2":{"name":"(anonymous_2)","decl":{"start":{"line":10,"column":21},"end":{"line":10,"column":22}},"loc":{"start":{"line":10,"column":27},"end":{"line":12,"column":5}},"line":10},"3":{"name":"(anonymous_3)","decl":{"start":{"line":15,"column":11},"end":{"line":15,"column":12}},"loc":{"start":{"line":15,"column":17},"end":{"line":15,"column":60}},"line":15}},"branchMap":{},"s":{"0":0,"1":0,"2":0,"3":0,"4":0,"5":0,"6":0,"7":0,"8":0,"9":0,"10":0},"f":{"0":0,"1":0,"2":0,"3":0},"b":{}}
,"/home/runner/workspace/client/src/hooks/useCampaignOwnershipCheck.tsx": {"path":"/home/runner/workspace/client/src/hooks/useCampaignOwnershipCheck.tsx","statementMap":{"0":{"start":{"line":12,"column":78},"end":{"line":12,"column":96}},"1":{"start":{"line":13,"column":17},"end":{"line":13,"column":52}},"2":{"start":{"line":13,"column":39},"end":{"line":13,"column":51}},"3":{"start":{"line":14,"column":20},"end":{"line":14,"column":30}},"4":{"start":{"line":16,"column":2},"end":{"line":52,"column":87}},"5":{"start":{"line":17,"column":35},"end":{"line":49,"column":5}},"6":{"start":{"line":18,"column":6},"end":{"line":48,"column":7}},"7":{"start":{"line":21,"column":8},"end":{"line":47,"column":9}},"8":{"start":{"line":22,"column":27},"end":{"line":29,"column":12}},"9":{"start":{"line":31,"column":33},"end":{"line":31,"column":85}},"10":{"start":{"line":33,"column":10},"end":{"line":43,"column":11}},"11":{"start":{"line":35,"column":12},"end":{"line":39,"column":15}},"12":{"start":{"line":40,"column":12},"end":{"line":40,"column":36}},"13":{"start":{"line":45,"column":10},"end":{"line":45,"column":64}},"14":{"start":{"line":46,"column":10},"end":{"line":46,"column":34}},"15":{"start":{"line":51,"column":4},"end":{"line":51,"column":29}},"16":{"start":{"line":54,"column":2},"end":{"line":54,"column":14}}},"fnMap":{"0":{"name":"useCampaignOwnershipCheck","decl":{"start":{"line":11,"column":9},"end":{"line":11,"column":34}},"loc":{"start":{"line":11,"column":37},"end":{"line":55,"column":1}},"line":11},"1":{"name":"(anonymous_1)","decl":{"start":{"line":13,"column":30},"end":{"line":13,"column":31}},"loc":{"start":{"line":13,"column":39},"end":{"line":13,"column":51}},"line":13},"2":{"name":"(anonymous_2)","decl":{"start":{"line":16,"column":12},"end":{"line":16,"column":13}},"loc":{"start":{"line":16,"column":18},"end":{"line":52,"column":3}},"line":16},"3":{"name":"(anonymous_3)","decl":{"start":{"line":17,"column":35},"end":{"line":17,"column":36}},"loc":{"start":{"line":17,"column":47},"end":{"line":49,"column":5}},"line":17}},"branchMap":{"0":{"loc":{"start":{"line":18,"column":6},"end":{"line":48,"column":7}},"type":"if","locations":[{"start":{"line":18,"column":6},"end":{"line":48,"column":7}},{"start":{},"end":{}}],"line":18},"1":{"loc":{"start":{"line":18,"column":10},"end":{"line":18,"column":38}},"type":"binary-expr","locations":[{"start":{"line":18,"column":10},"end":{"line":18,"column":28}},{"start":{"line":18,"column":32},"end":{"line":18,"column":38}}],"line":18},"2":{"loc":{"start":{"line":31,"column":33},"end":{"line":31,"column":85}},"type":"binary-expr","locations":[{"start":{"line":31,"column":33},"end":{"line":31,"column":52}},{"start":{"line":31,"column":56},"end":{"line":31,"column":85}}],"line":31},"3":{"loc":{"start":{"line":33,"column":10},"end":{"line":43,"column":11}},"type":"if","locations":[{"start":{"line":33,"column":10},"end":{"line":43,"column":11}},{"start":{"line":41,"column":17},"end":{"line":43,"column":11}}],"line":33}},"s":{"0":0,"1":0,"2":0,"3":0,"4":0,"5":0,"6":0,"7":0,"8":0,"9":0,"10":0,"11":0,"12":0,"13":0,"14":0,"15":0,"16":0},"f":{"0":0,"1":0,"2":0,"3":0},"b":{"0":[0,0],"1":[0,0],"2":[0,0],"3":[0,0]}}
,"/home/runner/workspace/client/src/lib/directus.ts": {"path":"/home/runner/workspace/client/src/lib/directus.ts","statementMap":{"0":{"start":{"line":5,"column":18},"end":{"line":5,"column":51}},"1":{"start":{"line":9,"column":2},"end":{"line":16,"column":3}},"2":{"start":{"line":10,"column":21},"end":{"line":10,"column":47}},"3":{"start":{"line":11,"column":19},"end":{"line":11,"column":40}},"4":{"start":{"line":12,"column":4},"end":{"line":12,"column":30}},"5":{"start":{"line":14,"column":4},"end":{"line":14,"column":71}},"6":{"start":{"line":15,"column":4},"end":{"line":15,"column":23}},"7":{"start":{"line":20,"column":0},"end":{"line":26,"column":3}},"8":{"start":{"line":21,"column":2},"end":{"line":25,"column":3}},"9":{"start":{"line":22,"column":4},"end":{"line":22,"column":22}},"10":{"start":{"line":23,"column":4},"end":{"line":23,"column":39}},"11":{"start":{"line":28,"column":28},"end":{"line":28,"column":39}},"12":{"start":{"line":30,"column":27},"end":{"line":35,"column":2}},"13":{"start":{"line":38,"column":0},"end":{"line":50,"column":2}},"14":{"start":{"line":40,"column":18},"end":{"line":40,"column":52}},"15":{"start":{"line":41,"column":4},"end":{"line":44,"column":5}},"16":{"start":{"line":42,"column":6},"end":{"line":42,"column":44}},"17":{"start":{"line":43,"column":6},"end":{"line":43,"column":58}},"18":{"start":{"line":45,"column":4},"end":{"line":45,"column":18}},"19":{"start":{"line":48,"column":4},"end":{"line":48,"column":33}},"20":{"start":{"line":53,"column":0},"end":{"line":95,"column":2}},"21":{"start":{"line":54,"column":16},"end":{"line":54,"column":24}},"22":{"start":{"line":57,"column":4},"end":{"line":86,"column":5}},"23":{"start":{"line":58,"column":27},"end":{"line":58,"column":64}},"24":{"start":{"line":59,"column":6},"end":{"line":85,"column":7}},"25":{"start":{"line":60,"column":8},"end":{"line":84,"column":9}},"26":{"start":{"line":61,"column":27},"end":{"line":64,"column":12}},"27":{"start":{"line":66,"column":35},"end":{"line":66,"column":53}},"28":{"start":{"line":67,"column":10},"end":{"line":67,"column":59}},"29":{"start":{"line":70,"column":23},"end":{"line":70,"column":46}},"30":{"start":{"line":71,"column":10},"end":{"line":71,"column":50}},"31":{"start":{"line":74,"column":34},"end":{"line":74,"column":46}},"32":{"start":{"line":75,"column":10},"end":{"line":75,"column":78}},"33":{"start":{"line":76,"column":10},"end":{"line":76,"column":40}},"34":{"start":{"line":79,"column":10},"end":{"line":79,"column":48}},"35":{"start":{"line":80,"column":10},"end":{"line":80,"column":51}},"36":{"start":{"line":81,"column":23},"end":{"line":81,"column":46}},"37":{"start":{"line":82,"column":10},"end":{"line":82,"column":27}},"38":{"start":{"line":83,"column":10},"end":{"line":83,"column":67}},"39":{"start":{"line":89,"column":20},"end":{"line":92,"column":38}},"40":{"start":{"line":93,"column":4},"end":{"line":93,"column":29}}},"fnMap":{"0":{"name":"getServerConfig","decl":{"start":{"line":8,"column":15},"end":{"line":8,"column":30}},"loc":{"start":{"line":8,"column":33},"end":{"line":17,"column":1}},"line":8},"1":{"name":"(anonymous_1)","decl":{"start":{"line":20,"column":23},"end":{"line":20,"column":24}},"loc":{"start":{"line":20,"column":30},"end":{"line":26,"column":1}},"line":20},"2":{"name":"(anonymous_2)","decl":{"start":{"line":39,"column":2},"end":{"line":39,"column":3}},"loc":{"start":{"line":39,"column":14},"end":{"line":46,"column":3}},"line":39},"3":{"name":"(anonymous_3)","decl":{"start":{"line":47,"column":2},"end":{"line":47,"column":3}},"loc":{"start":{"line":47,"column":13},"end":{"line":49,"column":3}},"line":47},"4":{"name":"(anonymous_4)","decl":{"start":{"line":54,"column":2},"end":{"line":54,"column":3}},"loc":{"start":{"line":54,"column":16},"end":{"line":54,"column":24}},"line":54},"5":{"name":"(anonymous_5)","decl":{"start":{"line":55,"column":2},"end":{"line":55,"column":3}},"loc":{"start":{"line":55,"column":19},"end":{"line":94,"column":3}},"line":55}},"branchMap":{"0":{"loc":{"start":{"line":21,"column":2},"end":{"line":25,"column":3}},"type":"if","locations":[{"start":{"line":21,"column":2},"end":{"line":25,"column":3}},{"start":{},"end":{}}],"line":21},"1":{"loc":{"start":{"line":21,"column":6},"end":{"line":21,"column":32}},"type":"binary-expr","locations":[{"start":{"line":21,"column":6},"end":{"line":21,"column":9}},{"start":{"line":21,"column":13},"end":{"line":21,"column":32}}],"line":21},"2":{"loc":{"start":{"line":41,"column":4},"end":{"line":44,"column":5}},"type":"if","locations":[{"start":{"line":41,"column":4},"end":{"line":44,"column":5}},{"start":{},"end":{}}],"line":41},"3":{"loc":{"start":{"line":42,"column":23},"end":{"line":42,"column":43}},"type":"binary-expr","locations":[{"start":{"line":42,"column":23},"end":{"line":42,"column":37}},{"start":{"line":42,"column":41},"end":{"line":42,"column":43}}],"line":42},"4":{"loc":{"start":{"line":57,"column":4},"end":{"line":86,"column":5}},"type":"if","locations":[{"start":{"line":57,"column":4},"end":{"line":86,"column":5}},{"start":{},"end":{}}],"line":57},"5":{"loc":{"start":{"line":59,"column":6},"end":{"line":85,"column":7}},"type":"if","locations":[{"start":{"line":59,"column":6},"end":{"line":85,"column":7}},{"start":{},"end":{}}],"line":59},"6":{"loc":{"start":{"line":89,"column":20},"end":{"line":92,"column":38}},"type":"binary-expr","locations":[{"start":{"line":89,"column":20},"end":{"line":89,"column":62}},{"start":{"line":90,"column":19},"end":{"line":90,"column":55}},{"start":{"line":91,"column":19},"end":{"line":91,"column":32}},{"start":{"line":92,"column":19},"end":{"line":92,"column":38}}],"line":89}},"s":{"0":0,"1":0,"2":0,"3":0,"4":0,"5":0,"6":0,"7":0,"8":0,"9":0,"10":0,"11":0,"12":0,"13":0,"14":0,"15":0,"16":0,"17":0,"18":0,"19":0,"20":0,"21":0,"22":0,"23":0,"24":0,"25":0,"26":0,"27":0,"28":0,"29":0,"30":0,"31":0,"32":0,"33":0,"34":0,"35":0,"36":0,"37":0,"38":0,"39":0,"40":0},"f":{"0":0,"1":0,"2":0,"3":0,"4":0,"5":0},"b":{"0":[0,0],"1":[0,0],"2":[0,0],"3":[0,0],"4":[0,0],"5":[0,0],"6":[0,0,0,0]}}
,"/home/runner/workspace/client/src/lib/directus.tsx": {"path":"/home/runner/workspace/client/src/lib/directus.tsx","statementMap":{"0":{"start":{"line":4,"column":27},"end":{"line":6,"column":2}},"1":{"start":{"line":9,"column":28},"end":{"line":11,"column":1}},"2":{"start":{"line":10,"column":2},"end":{"line":10,"column":43}},"3":{"start":{"line":14,"column":31},"end":{"line":16,"column":1}},"4":{"start":{"line":15,"column":2},"end":{"line":15,"column":26}},"5":{"start":{"line":19,"column":30},"end":{"line":22,"column":1}},"6":{"start":{"line":20,"column":16},"end":{"line":20,"column":30}},"7":{"start":{"line":21,"column":2},"end":{"line":21,"column":61}}},"fnMap":{"0":{"name":"(anonymous_0)","decl":{"start":{"line":9,"column":28},"end":{"line":9,"column":29}},"loc":{"start":{"line":9,"column":34},"end":{"line":11,"column":1}},"line":9},"1":{"name":"(anonymous_1)","decl":{"start":{"line":14,"column":31},"end":{"line":14,"column":32}},"loc":{"start":{"line":14,"column":37},"end":{"line":16,"column":1}},"line":14},"2":{"name":"(anonymous_2)","decl":{"start":{"line":19,"column":30},"end":{"line":19,"column":31}},"loc":{"start":{"line":19,"column":36},"end":{"line":22,"column":1}},"line":19}},"branchMap":{"0":{"loc":{"start":{"line":21,"column":9},"end":{"line":21,"column":60}},"type":"cond-expr","locations":[{"start":{"line":21,"column":17},"end":{"line":21,"column":55}},{"start":{"line":21,"column":58},"end":{"line":21,"column":60}}],"line":21}},"s":{"0":0,"1":0,"2":0,"3":0,"4":0,"5":0,"6":0,"7":0},"f":{"0":0,"1":0,"2":0},"b":{"0":[0,0]}}
,"/home/runner/workspace/client/src/pages/instagram-oauth-callback.tsx": {"path":"/home/runner/workspace/client/src/pages/instagram-oauth-callback.tsx","statementMap":{},"fnMap":{},"branchMap":{},"s":{},"f":{},"b":{}}
,"/home/runner/workspace/server/analytics-server.ts": {"path":"/home/runner/workspace/server/analytics-server.ts","statementMap":{"0":{"start":{"line":4,"column":12},"end":{"line":4,"column":21}},"1":{"start":{"line":6,"column":0},"end":{"line":11,"column":3}},"2":{"start":{"line":7,"column":2},"end":{"line":7,"column":49}},"3":{"start":{"line":8,"column":2},"end":{"line":8,"column":80}},"4":{"start":{"line":9,"column":2},"end":{"line":9,"column":110}},"5":{"start":{"line":10,"column":2},"end":{"line":10,"column":9}},"6":{"start":{"line":12,"column":0},"end":{"line":12,"column":24}},"7":{"start":{"line":15,"column":0},"end":{"line":130,"column":3}},"8":{"start":{"line":16,"column":2},"end":{"line":16,"column":68}},"9":{"start":{"line":18,"column":2},"end":{"line":129,"column":3}},"10":{"start":{"line":19,"column":45},"end":{"line":19,"column":54}},"11":{"start":{"line":21,"column":4},"end":{"line":26,"column":5}},"12":{"start":{"line":22,"column":6},"end":{"line":25,"column":9}},"13":{"start":{"line":28,"column":4},"end":{"line":28,"column":76}},"14":{"start":{"line":31,"column":21},"end":{"line":31,"column":49}},"15":{"start":{"line":32,"column":23},"end":{"line":32,"column":90}},"16":{"start":{"line":34,"column":24},"end":{"line":34,"column":76}},"17":{"start":{"line":35,"column":19},"end":{"line":40,"column":5}},"18":{"start":{"line":42,"column":4},"end":{"line":42,"column":73}},"19":{"start":{"line":44,"column":21},"end":{"line":49,"column":6}},"20":{"start":{"line":51,"column":20},"end":{"line":51,"column":44}},"21":{"start":{"line":52,"column":4},"end":{"line":52,"column":76}},"22":{"start":{"line":55,"column":21},"end":{"line":55,"column":22}},"23":{"start":{"line":56,"column":26},"end":{"line":61,"column":5}},"24":{"start":{"line":63,"column":4},"end":{"line":88,"column":7}},"25":{"start":{"line":64,"column":6},"end":{"line":87,"column":7}},"26":{"start":{"line":65,"column":26},"end":{"line":67,"column":33}},"27":{"start":{"line":69,"column":8},"end":{"line":86,"column":11}},"28":{"start":{"line":70,"column":27},"end":{"line":70,"column":49}},"29":{"start":{"line":71,"column":10},"end":{"line":85,"column":11}},"30":{"start":{"line":72,"column":12},"end":{"line":72,"column":25}},"31":{"start":{"line":74,"column":33},"end":{"line":74,"column":65}},"32":{"start":{"line":75,"column":12},"end":{"line":84,"column":13}},"33":{"start":{"line":76,"column":14},"end":{"line":76,"column":50}},"34":{"start":{"line":78,"column":14},"end":{"line":83,"column":15}},"35":{"start":{"line":79,"column":16},"end":{"line":79,"column":83}},"36":{"start":{"line":80,"column":16},"end":{"line":80,"column":83}},"37":{"start":{"line":81,"column":16},"end":{"line":81,"column":89}},"38":{"start":{"line":82,"column":16},"end":{"line":82,"column":85}},"39":{"start":{"line":91,"column":23},"end":{"line":91,"column":88}},"40":{"start":{"line":91,"column":71},"end":{"line":91,"column":84}},"41":{"start":{"line":92,"column":23},"end":{"line":92,"column":88}},"42":{"start":{"line":92,"column":71},"end":{"line":92,"column":84}},"43":{"start":{"line":93,"column":26},"end":{"line":93,"column":94}},"44":{"start":{"line":93,"column":74},"end":{"line":93,"column":90}},"45":{"start":{"line":94,"column":24},"end":{"line":94,"column":90}},"46":{"start":{"line":94,"column":72},"end":{"line":94,"column":86}},"47":{"start":{"line":96,"column":27},"end":{"line":98,"column":9}},"48":{"start":{"line":100,"column":26},"end":{"line":117,"column":5}},"49":{"start":{"line":109,"column":71},"end":{"line":116,"column":7}},"50":{"start":{"line":116,"column":22},"end":{"line":116,"column":33}},"51":{"start":{"line":119,"column":4},"end":{"line":119,"column":74}},"52":{"start":{"line":120,"column":4},"end":{"line":120,"column":28}},"53":{"start":{"line":123,"column":4},"end":{"line":123,"column":57}},"54":{"start":{"line":124,"column":4},"end":{"line":128,"column":7}},"55":{"start":{"line":132,"column":13},"end":{"line":132,"column":17}},"56":{"start":{"line":133,"column":0},"end":{"line":135,"column":3}},"57":{"start":{"line":134,"column":2},"end":{"line":134,"column":81}}},"fnMap":{"0":{"name":"(anonymous_0)","decl":{"start":{"line":6,"column":8},"end":{"line":6,"column":9}},"loc":{"start":{"line":6,"column":28},"end":{"line":11,"column":1}},"line":6},"1":{"name":"(anonymous_1)","decl":{"start":{"line":15,"column":22},"end":{"line":15,"column":23}},"loc":{"start":{"line":15,"column":42},"end":{"line":130,"column":1}},"line":15},"2":{"name":"(anonymous_2)","decl":{"start":{"line":63,"column":20},"end":{"line":63,"column":21}},"loc":{"start":{"line":63,"column":28},"end":{"line":88,"column":5}},"line":63},"3":{"name":"(anonymous_3)","decl":{"start":{"line":69,"column":39},"end":{"line":69,"column":40}},"loc":{"start":{"line":69,"column":54},"end":{"line":86,"column":9}},"line":69},"4":{"name":"(anonymous_4)","decl":{"start":{"line":91,"column":59},"end":{"line":91,"column":60}},"loc":{"start":{"line":91,"column":71},"end":{"line":91,"column":84}},"line":91},"5":{"name":"(anonymous_5)","decl":{"start":{"line":92,"column":59},"end":{"line":92,"column":60}},"loc":{"start":{"line":92,"column":71},"end":{"line":92,"column":84}},"line":92},"6":{"name":"(anonymous_6)","decl":{"start":{"line":93,"column":62},"end":{"line":93,"column":63}},"loc":{"start":{"line":93,"column":74},"end":{"line":93,"column":90}},"line":93},"7":{"name":"(anonymous_7)","decl":{"start":{"line":94,"column":60},"end":{"line":94,"column":61}},"loc":{"start":{"line":94,"column":72},"end":{"line":94,"column":86}},"line":94},"8":{"name":"(anonymous_8)","decl":{"start":{"line":109,"column":51},"end":{"line":109,"column":52}},"loc":{"start":{"line":109,"column":71},"end":{"line":116,"column":7}},"line":109},"9":{"name":"(anonymous_9)","decl":{"start":{"line":116,"column":17},"end":{"line":116,"column":18}},"loc":{"start":{"line":116,"column":22},"end":{"line":116,"column":33}},"line":116},"10":{"name":"(anonymous_10)","decl":{"start":{"line":133,"column":28},"end":{"line":133,"column":29}},"loc":{"start":{"line":133,"column":34},"end":{"line":135,"column":1}},"line":133}},"branchMap":{"0":{"loc":{"start":{"line":19,"column":24},"end":{"line":19,"column":40}},"type":"default-arg","locations":[{"start":{"line":19,"column":33},"end":{"line":19,"column":40}}],"line":19},"1":{"loc":{"start":{"line":21,"column":4},"end":{"line":26,"column":5}},"type":"if","locations":[{"start":{"line":21,"column":4},"end":{"line":26,"column":5}},{"start":{},"end":{}}],"line":21},"2":{"loc":{"start":{"line":31,"column":21},"end":{"line":31,"column":49}},"type":"cond-expr","locations":[{"start":{"line":31,"column":43},"end":{"line":31,"column":45}},{"start":{"line":31,"column":48},"end":{"line":31,"column":49}}],"line":31},"3":{"loc":{"start":{"line":51,"column":20},"end":{"line":51,"column":44}},"type":"binary-expr","locations":[{"start":{"line":51,"column":20},"end":{"line":51,"column":38}},{"start":{"line":51,"column":42},"end":{"line":51,"column":44}}],"line":51},"4":{"loc":{"start":{"line":64,"column":6},"end":{"line":87,"column":7}},"type":"if","locations":[{"start":{"line":64,"column":6},"end":{"line":87,"column":7}},{"start":{},"end":{}}],"line":64},"5":{"loc":{"start":{"line":65,"column":26},"end":{"line":67,"column":33}},"type":"cond-expr","locations":[{"start":{"line":66,"column":12},"end":{"line":66,"column":45}},{"start":{"line":67,"column":12},"end":{"line":67,"column":33}}],"line":65},"6":{"loc":{"start":{"line":71,"column":10},"end":{"line":85,"column":11}},"type":"if","locations":[{"start":{"line":71,"column":10},"end":{"line":85,"column":11}},{"start":{},"end":{}}],"line":71},"7":{"loc":{"start":{"line":74,"column":33},"end":{"line":74,"column":65}},"type":"binary-expr","locations":[{"start":{"line":74,"column":33},"end":{"line":74,"column":50}},{"start":{"line":74,"column":54},"end":{"line":74,"column":65}}],"line":74},"8":{"loc":{"start":{"line":75,"column":12},"end":{"line":84,"column":13}},"type":"if","locations":[{"start":{"line":75,"column":12},"end":{"line":84,"column":13}},{"start":{},"end":{}}],"line":75},"9":{"loc":{"start":{"line":78,"column":14},"end":{"line":83,"column":15}},"type":"if","locations":[{"start":{"line":78,"column":14},"end":{"line":83,"column":15}},{"start":{},"end":{}}],"line":78},"10":{"loc":{"start":{"line":79,"column":53},"end":{"line":79,"column":82}},"type":"binary-expr","locations":[{"start":{"line":79,"column":53},"end":{"line":79,"column":77}},{"start":{"line":79,"column":81},"end":{"line":79,"column":82}}],"line":79},"11":{"loc":{"start":{"line":80,"column":53},"end":{"line":80,"column":82}},"type":"binary-expr","locations":[{"start":{"line":80,"column":53},"end":{"line":80,"column":77}},{"start":{"line":80,"column":81},"end":{"line":80,"column":82}}],"line":80},"12":{"loc":{"start":{"line":81,"column":56},"end":{"line":81,"column":88}},"type":"binary-expr","locations":[{"start":{"line":81,"column":56},"end":{"line":81,"column":83}},{"start":{"line":81,"column":87},"end":{"line":81,"column":88}}],"line":81},"13":{"loc":{"start":{"line":82,"column":54},"end":{"line":82,"column":84}},"type":"binary-expr","locations":[{"start":{"line":82,"column":54},"end":{"line":82,"column":79}},{"start":{"line":82,"column":83},"end":{"line":82,"column":84}}],"line":82},"14":{"loc":{"start":{"line":96,"column":27},"end":{"line":98,"column":9}},"type":"cond-expr","locations":[{"start":{"line":97,"column":8},"end":{"line":97,"column":83}},{"start":{"line":98,"column":8},"end":{"line":98,"column":9}}],"line":96}},"s":{"0":0,"1":0,"2":0,"3":0,"4":0,"5":0,"6":0,"7":0,"8":0,"9":0,"10":0,"11":0,"12":0,"13":0,"14":0,"15":0,"16":0,"17":0,"18":0,"19":0,"20":0,"21":0,"22":0,"23":0,"24":0,"25":0,"26":0,"27":0,"28":0,"29":0,"30":0,"31":0,"32":0,"33":0,"34":0,"35":0,"36":0,"37":0,"38":0,"39":0,"40":0,"41":0,"42":0,"43":0,"44":0,"45":0,"46":0,"47":0,"48":0,"49":0,"50":0,"51":0,"52":0,"53":0,"54":0,"55":0,"56":0,"57":0},"f":{"0":0,"1":0,"2":0,"3":0,"4":0,"5":0,"6":0,"7":0,"8":0,"9":0,"10":0},"b":{"0":[0],"1":[0,0],"2":[0,0],"3":[0,0],"4":[0,0],"5":[0,0],"6":[0,0],"7":[0,0],"8":[0,0],"9":[0,0],"10":[0,0],"11":[0,0],"12":[0,0],"13":[0,0],"14":[0,0]}}
,"/home/runner/workspace/server/db.ts": {"path":"/home/runner/workspace/server/db.ts","statementMap":{"0":{"start":{"line":6,"column":0},"end":{"line":6,"column":37}},"1":{"start":{"line":8,"column":0},"end":{"line":12,"column":1}},"2":{"start":{"line":9,"column":2},"end":{"line":11,"column":4}},"3":{"start":{"line":14,"column":20},"end":{"line":14,"column":76}},"4":{"start":{"line":15,"column":18},"end":{"line":15,"column":43}}},"fnMap":{},"branchMap":{"0":{"loc":{"start":{"line":8,"column":0},"end":{"line":12,"column":1}},"type":"if","locations":[{"start":{"line":8,"column":0},"end":{"line":12,"column":1}},{"start":{},"end":{}}],"line":8}},"s":{"0":0,"1":0,"2":0,"3":0,"4":0},"f":{},"b":{"0":[0,0]}}
,"/home/runner/workspace/server/optimize-startup.ts": {"path":"/home/runner/workspace/server/optimize-startup.ts","statementMap":{"0":{"start":{"line":13,"column":2},"end":{"line":13,"column":87}},"1":{"start":{"line":15,"column":2},"end":{"line":21,"column":12}},"2":{"start":{"line":17,"column":4},"end":{"line":17,"column":47}},"3":{"start":{"line":20,"column":4},"end":{"line":20,"column":61}}},"fnMap":{"0":{"name":"initializeHeavyServices","decl":{"start":{"line":12,"column":16},"end":{"line":12,"column":39}},"loc":{"start":{"line":12,"column":42},"end":{"line":22,"column":1}},"line":12},"1":{"name":"(anonymous_1)","decl":{"start":{"line":15,"column":13},"end":{"line":15,"column":14}},"loc":{"start":{"line":15,"column":19},"end":{"line":21,"column":3}},"line":15}},"branchMap":{},"s":{"0":0,"1":0,"2":0,"3":0},"f":{"0":0,"1":0},"b":{}}
,"/home/runner/workspace/server/api/instagram-webhook-direct.ts": {"path":"/home/runner/workspace/server/api/instagram-webhook-direct.ts","statementMap":{"0":{"start":{"line":5,"column":15},"end":{"line":5,"column":23}},"1":{"start":{"line":8,"column":0},"end":{"line":39,"column":3}},"2":{"start":{"line":9,"column":2},"end":{"line":38,"column":3}},"3":{"start":{"line":10,"column":26},"end":{"line":10,"column":34}},"4":{"start":{"line":12,"column":4},"end":{"line":14,"column":5}},"5":{"start":{"line":13,"column":6},"end":{"line":13,"column":70}},"6":{"start":{"line":18,"column":23},"end":{"line":18,"column":66}},"7":{"start":{"line":20,"column":4},"end":{"line":20,"column":101}},"8":{"start":{"line":22,"column":21},"end":{"line":28,"column":6}},"9":{"start":{"line":30,"column":19},"end":{"line":30,"column":40}},"10":{"start":{"line":32,"column":4},"end":{"line":32,"column":80}},"11":{"start":{"line":34,"column":4},"end":{"line":34,"column":28}},"12":{"start":{"line":36,"column":4},"end":{"line":36,"column":110}},"13":{"start":{"line":37,"column":4},"end":{"line":37,"column":80}}},"fnMap":{"0":{"name":"(anonymous_0)","decl":{"start":{"line":8,"column":26},"end":{"line":8,"column":27}},"loc":{"start":{"line":8,"column":46},"end":{"line":39,"column":1}},"line":8}},"branchMap":{"0":{"loc":{"start":{"line":12,"column":4},"end":{"line":14,"column":5}},"type":"if","locations":[{"start":{"line":12,"column":4},"end":{"line":14,"column":5}},{"start":{},"end":{}}],"line":12},"1":{"loc":{"start":{"line":36,"column":45},"end":{"line":36,"column":106}},"type":"cond-expr","locations":[{"start":{"line":36,"column":70},"end":{"line":36,"column":83}},{"start":{"line":36,"column":86},"end":{"line":36,"column":106}}],"line":36}},"s":{"0":0,"1":0,"2":0,"3":0,"4":0,"5":0,"6":0,"7":0,"8":0,"9":0,"10":0,"11":0,"12":0,"13":0},"f":{"0":0},"b":{"0":[0,0],"1":[0,0]}}
,"/home/runner/workspace/server/api/telegram-webhook-direct.ts": {"path":"/home/runner/workspace/server/api/telegram-webhook-direct.ts","statementMap":{"0":{"start":{"line":5,"column":15},"end":{"line":5,"column":23}},"1":{"start":{"line":8,"column":0},"end":{"line":38,"column":3}},"2":{"start":{"line":9,"column":2},"end":{"line":37,"column":3}},"3":{"start":{"line":10,"column":26},"end":{"line":10,"column":34}},"4":{"start":{"line":12,"column":4},"end":{"line":14,"column":5}},"5":{"start":{"line":13,"column":6},"end":{"line":13,"column":70}},"6":{"start":{"line":17,"column":23},"end":{"line":17,"column":73}},"7":{"start":{"line":19,"column":4},"end":{"line":19,"column":99}},"8":{"start":{"line":21,"column":21},"end":{"line":27,"column":6}},"9":{"start":{"line":29,"column":19},"end":{"line":29,"column":40}},"10":{"start":{"line":31,"column":4},"end":{"line":31,"column":79}},"11":{"start":{"line":33,"column":4},"end":{"line":33,"column":28}},"12":{"start":{"line":35,"column":4},"end":{"line":35,"column":109}},"13":{"start":{"line":36,"column":4},"end":{"line":36,"column":79}}},"fnMap":{"0":{"name":"(anonymous_0)","decl":{"start":{"line":8,"column":25},"end":{"line":8,"column":26}},"loc":{"start":{"line":8,"column":45},"end":{"line":38,"column":1}},"line":8}},"branchMap":{"0":{"loc":{"start":{"line":12,"column":4},"end":{"line":14,"column":5}},"type":"if","locations":[{"start":{"line":12,"column":4},"end":{"line":14,"column":5}},{"start":{},"end":{}}],"line":12},"1":{"loc":{"start":{"line":35,"column":44},"end":{"line":35,"column":105}},"type":"cond-expr","locations":[{"start":{"line":35,"column":69},"end":{"line":35,"column":82}},{"start":{"line":35,"column":85},"end":{"line":35,"column":105}}],"line":35}},"s":{"0":0,"1":0,"2":0,"3":0,"4":0,"5":0,"6":0,"7":0,"8":0,"9":0,"10":0,"11":0,"12":0,"13":0},"f":{"0":0},"b":{"0":[0,0],"1":[0,0]}}
,"/home/runner/workspace/server/api/test-routes.ts": {"path":"/home/runner/workspace/server/api/test-routes.ts","statementMap":{"0":{"start":{"line":4,"column":15},"end":{"line":4,"column":23}},"1":{"start":{"line":10,"column":0},"end":{"line":22,"column":3}},"2":{"start":{"line":11,"column":19},"end":{"line":11,"column":27}},"3":{"start":{"line":12,"column":2},"end":{"line":14,"column":3}},"4":{"start":{"line":13,"column":4},"end":{"line":13,"column":67}},"5":{"start":{"line":16,"column":22},"end":{"line":16,"column":48}},"6":{"start":{"line":18,"column":2},"end":{"line":21,"column":5}},"7":{"start":{"line":27,"column":0},"end":{"line":29,"column":3}},"8":{"start":{"line":28,"column":2},"end":{"line":28,"column":70}},"9":{"start":{"line":31,"column":0},"end":{"line":33,"column":3}},"10":{"start":{"line":32,"column":2},"end":{"line":32,"column":67}},"11":{"start":{"line":35,"column":0},"end":{"line":37,"column":3}},"12":{"start":{"line":36,"column":2},"end":{"line":36,"column":67}},"13":{"start":{"line":39,"column":0},"end":{"line":41,"column":3}},"14":{"start":{"line":40,"column":2},"end":{"line":40,"column":75}},"15":{"start":{"line":43,"column":0},"end":{"line":45,"column":3}},"16":{"start":{"line":44,"column":2},"end":{"line":44,"column":79}}},"fnMap":{"0":{"name":"(anonymous_0)","decl":{"start":{"line":10,"column":34},"end":{"line":10,"column":35}},"loc":{"start":{"line":10,"column":48},"end":{"line":22,"column":1}},"line":10},"1":{"name":"(anonymous_1)","decl":{"start":{"line":27,"column":25},"end":{"line":27,"column":26}},"loc":{"start":{"line":27,"column":39},"end":{"line":29,"column":1}},"line":27},"2":{"name":"(anonymous_2)","decl":{"start":{"line":31,"column":25},"end":{"line":31,"column":26}},"loc":{"start":{"line":31,"column":39},"end":{"line":33,"column":1}},"line":31},"3":{"name":"(anonymous_3)","decl":{"start":{"line":35,"column":25},"end":{"line":35,"column":26}},"loc":{"start":{"line":35,"column":39},"end":{"line":37,"column":1}},"line":35},"4":{"name":"(anonymous_4)","decl":{"start":{"line":39,"column":25},"end":{"line":39,"column":26}},"loc":{"start":{"line":39,"column":39},"end":{"line":41,"column":1}},"line":39},"5":{"name":"(anonymous_5)","decl":{"start":{"line":43,"column":25},"end":{"line":43,"column":26}},"loc":{"start":{"line":43,"column":39},"end":{"line":45,"column":1}},"line":43}},"branchMap":{"0":{"loc":{"start":{"line":12,"column":2},"end":{"line":14,"column":3}},"type":"if","locations":[{"start":{"line":12,"column":2},"end":{"line":14,"column":3}},{"start":{},"end":{}}],"line":12}},"s":{"0":0,"1":0,"2":0,"3":0,"4":0,"5":0,"6":0,"7":0,"8":0,"9":0,"10":0,"11":0,"12":0,"13":0,"14":0,"15":0,"16":0},"f":{"0":0,"1":0,"2":0,"3":0,"4":0,"5":0},"b":{"0":[0,0]}}
,"/home/runner/workspace/server/api/vk-webhook-direct.ts": {"path":"/home/runner/workspace/server/api/vk-webhook-direct.ts","statementMap":{"0":{"start":{"line":5,"column":15},"end":{"line":5,"column":23}},"1":{"start":{"line":8,"column":0},"end":{"line":38,"column":3}},"2":{"start":{"line":9,"column":2},"end":{"line":37,"column":3}},"3":{"start":{"line":10,"column":26},"end":{"line":10,"column":34}},"4":{"start":{"line":12,"column":4},"end":{"line":14,"column":5}},"5":{"start":{"line":13,"column":6},"end":{"line":13,"column":70}},"6":{"start":{"line":17,"column":23},"end":{"line":17,"column":67}},"7":{"start":{"line":19,"column":4},"end":{"line":19,"column":94}},"8":{"start":{"line":21,"column":21},"end":{"line":27,"column":6}},"9":{"start":{"line":29,"column":19},"end":{"line":29,"column":40}},"10":{"start":{"line":31,"column":4},"end":{"line":31,"column":73}},"11":{"start":{"line":33,"column":4},"end":{"line":33,"column":28}},"12":{"start":{"line":35,"column":4},"end":{"line":35,"column":103}},"13":{"start":{"line":36,"column":4},"end":{"line":36,"column":80}}},"fnMap":{"0":{"name":"(anonymous_0)","decl":{"start":{"line":8,"column":19},"end":{"line":8,"column":20}},"loc":{"start":{"line":8,"column":39},"end":{"line":38,"column":1}},"line":8}},"branchMap":{"0":{"loc":{"start":{"line":12,"column":4},"end":{"line":14,"column":5}},"type":"if","locations":[{"start":{"line":12,"column":4},"end":{"line":14,"column":5}},{"start":{},"end":{}}],"line":12},"1":{"loc":{"start":{"line":35,"column":38},"end":{"line":35,"column":99}},"type":"cond-expr","locations":[{"start":{"line":35,"column":63},"end":{"line":35,"column":76}},{"start":{"line":35,"column":79},"end":{"line":35,"column":99}}],"line":35}},"s":{"0":0,"1":0,"2":0,"3":0,"4":0,"5":0,"6":0,"7":0,"8":0,"9":0,"10":0,"11":0,"12":0,"13":0},"f":{"0":0},"b":{"0":[0,0],"1":[0,0]}}
,"/home/runner/workspace/server/lib/directus.ts": {"path":"/home/runner/workspace/server/lib/directus.ts","statementMap":{"0":{"start":{"line":3,"column":21},"end":{"line":3,"column":79}},"1":{"start":{"line":5,"column":27},"end":{"line":10,"column":2}},"2":{"start":{"line":13,"column":0},"end":{"line":19,"column":2}},"3":{"start":{"line":14,"column":14},"end":{"line":14,"column":22}},"4":{"start":{"line":16,"column":4},"end":{"line":16,"column":80}},"5":{"start":{"line":17,"column":4},"end":{"line":17,"column":16}}},"fnMap":{"0":{"name":"(anonymous_0)","decl":{"start":{"line":14,"column":2},"end":{"line":14,"column":3}},"loc":{"start":{"line":14,"column":14},"end":{"line":14,"column":22}},"line":14},"1":{"name":"(anonymous_1)","decl":{"start":{"line":15,"column":2},"end":{"line":15,"column":3}},"loc":{"start":{"line":15,"column":11},"end":{"line":18,"column":3}},"line":15}},"branchMap":{"0":{"loc":{"start":{"line":3,"column":21},"end":{"line":3,"column":79}},"type":"binary-expr","locations":[{"start":{"line":3,"column":21},"end":{"line":3,"column":45}},{"start":{"line":3,"column":49},"end":{"line":3,"column":79}}],"line":3},"1":{"loc":{"start":{"line":16,"column":41},"end":{"line":16,"column":78}},"type":"binary-expr","locations":[{"start":{"line":16,"column":41},"end":{"line":16,"column":61}},{"start":{"line":16,"column":65},"end":{"line":16,"column":78}}],"line":16}},"s":{"0":0,"1":0,"2":0,"3":0,"4":0,"5":0},"f":{"0":0,"1":0},"b":{"0":[0,0],"1":[0,0]}}
,"/home/runner/workspace/server/routes/stories.ts": {"path":"/home/runner/workspace/server/routes/stories.ts","statementMap":{"0":{"start":{"line":5,"column":15},"end":{"line":5,"column":31}},"1":{"start":{"line":8,"column":0},"end":{"line":49,"column":3}},"2":{"start":{"line":9,"column":2},"end":{"line":48,"column":3}},"3":{"start":{"line":10,"column":42},"end":{"line":10,"column":50}},"4":{"start":{"line":11,"column":19},"end":{"line":11,"column":31}},"5":{"start":{"line":13,"column":4},"end":{"line":15,"column":5}},"6":{"start":{"line":14,"column":6},"end":{"line":14,"column":61}},"7":{"start":{"line":17,"column":4},"end":{"line":17,"column":103}},"8":{"start":{"line":20,"column":22},"end":{"line":34,"column":5}},"9":{"start":{"line":36,"column":27},"end":{"line":40,"column":6}},"10":{"start":{"line":41,"column":18},"end":{"line":41,"column":42}},"11":{"start":{"line":43,"column":4},"end":{"line":43,"column":68}},"12":{"start":{"line":44,"column":4},"end":{"line":44,"column":45}},"13":{"start":{"line":46,"column":4},"end":{"line":46,"column":50}},"14":{"start":{"line":47,"column":4},"end":{"line":47,"column":62}},"15":{"start":{"line":52,"column":0},"end":{"line":82,"column":3}},"16":{"start":{"line":53,"column":2},"end":{"line":81,"column":3}},"17":{"start":{"line":54,"column":19},"end":{"line":54,"column":31}},"18":{"start":{"line":55,"column":4},"end":{"line":57,"column":5}},"19":{"start":{"line":56,"column":6},"end":{"line":56,"column":61}},"20":{"start":{"line":59,"column":4},"end":{"line":59,"column":70}},"21":{"start":{"line":61,"column":21},"end":{"line":72,"column":6}},"22":{"start":{"line":74,"column":20},"end":{"line":74,"column":44}},"23":{"start":{"line":75,"column":4},"end":{"line":75,"column":68}},"24":{"start":{"line":77,"column":4},"end":{"line":77,"column":47}},"25":{"start":{"line":79,"column":4},"end":{"line":79,"column":52}},"26":{"start":{"line":80,"column":4},"end":{"line":80,"column":63}},"27":{"start":{"line":85,"column":0},"end":{"line":126,"column":3}},"28":{"start":{"line":86,"column":2},"end":{"line":125,"column":3}},"29":{"start":{"line":87,"column":42},"end":{"line":87,"column":50}},"30":{"start":{"line":88,"column":19},"end":{"line":88,"column":31}},"31":{"start":{"line":90,"column":4},"end":{"line":92,"column":5}},"32":{"start":{"line":91,"column":6},"end":{"line":91,"column":61}},"33":{"start":{"line":94,"column":4},"end":{"line":94,"column":103}},"34":{"start":{"line":97,"column":22},"end":{"line":111,"column":5}},"35":{"start":{"line":113,"column":27},"end":{"line":117,"column":6}},"36":{"start":{"line":118,"column":18},"end":{"line":118,"column":42}},"37":{"start":{"line":120,"column":4},"end":{"line":120,"column":68}},"38":{"start":{"line":121,"column":4},"end":{"line":121,"column":45}},"39":{"start":{"line":123,"column":4},"end":{"line":123,"column":50}},"40":{"start":{"line":124,"column":4},"end":{"line":124,"column":62}},"41":{"start":{"line":129,"column":0},"end":{"line":166,"column":3}},"42":{"start":{"line":130,"column":2},"end":{"line":165,"column":3}},"43":{"start":{"line":131,"column":19},"end":{"line":131,"column":29}},"44":{"start":{"line":132,"column":30},"end":{"line":132,"column":38}},"45":{"start":{"line":133,"column":19},"end":{"line":133,"column":31}},"46":{"start":{"line":135,"column":4},"end":{"line":137,"column":5}},"47":{"start":{"line":136,"column":6},"end":{"line":136,"column":61}},"48":{"start":{"line":139,"column":4},"end":{"line":139,"column":95}},"49":{"start":{"line":141,"column":23},"end":{"line":150,"column":5}},"50":{"start":{"line":153,"column":27},"end":{"line":157,"column":6}},"51":{"start":{"line":158,"column":18},"end":{"line":158,"column":42}},"52":{"start":{"line":160,"column":4},"end":{"line":160,"column":62}},"53":{"start":{"line":161,"column":4},"end":{"line":161,"column":45}},"54":{"start":{"line":163,"column":4},"end":{"line":163,"column":50}},"55":{"start":{"line":164,"column":4},"end":{"line":164,"column":62}},"56":{"start":{"line":169,"column":0},"end":{"line":189,"column":3}},"57":{"start":{"line":170,"column":2},"end":{"line":188,"column":3}},"58":{"start":{"line":171,"column":19},"end":{"line":171,"column":29}},"59":{"start":{"line":172,"column":19},"end":{"line":172,"column":31}},"60":{"start":{"line":174,"column":4},"end":{"line":176,"column":5}},"61":{"start":{"line":175,"column":6},"end":{"line":175,"column":61}},"62":{"start":{"line":178,"column":18},"end":{"line":178,"column":65}},"63":{"start":{"line":180,"column":4},"end":{"line":182,"column":5}},"64":{"start":{"line":181,"column":6},"end":{"line":181,"column":64}},"65":{"start":{"line":184,"column":4},"end":{"line":184,"column":45}},"66":{"start":{"line":186,"column":4},"end":{"line":186,"column":50}},"67":{"start":{"line":187,"column":4},"end":{"line":187,"column":68}},"68":{"start":{"line":192,"column":0},"end":{"line":223,"column":3}},"69":{"start":{"line":193,"column":2},"end":{"line":222,"column":3}},"70":{"start":{"line":194,"column":19},"end":{"line":194,"column":29}},"71":{"start":{"line":195,"column":19},"end":{"line":195,"column":31}},"72":{"start":{"line":197,"column":4},"end":{"line":199,"column":5}},"73":{"start":{"line":198,"column":6},"end":{"line":198,"column":61}},"74":{"start":{"line":202,"column":21},"end":{"line":206,"column":6}},"75":{"start":{"line":207,"column":18},"end":{"line":207,"column":36}},"76":{"start":{"line":208,"column":4},"end":{"line":210,"column":5}},"77":{"start":{"line":209,"column":6},"end":{"line":209,"column":64}},"78":{"start":{"line":212,"column":4},"end":{"line":216,"column":7}},"79":{"start":{"line":218,"column":4},"end":{"line":218,"column":71}},"80":{"start":{"line":220,"column":4},"end":{"line":220,"column":50}},"81":{"start":{"line":221,"column":4},"end":{"line":221,"column":62}},"82":{"start":{"line":226,"column":0},"end":{"line":271,"column":3}},"83":{"start":{"line":227,"column":2},"end":{"line":270,"column":3}},"84":{"start":{"line":228,"column":19},"end":{"line":228,"column":29}},"85":{"start":{"line":229,"column":39},"end":{"line":229,"column":47}},"86":{"start":{"line":230,"column":19},"end":{"line":230,"column":31}},"87":{"start":{"line":232,"column":4},"end":{"line":234,"column":5}},"88":{"start":{"line":233,"column":6},"end":{"line":233,"column":61}},"89":{"start":{"line":237,"column":21},"end":{"line":241,"column":6}},"90":{"start":{"line":242,"column":18},"end":{"line":242,"column":36}},"91":{"start":{"line":243,"column":4},"end":{"line":245,"column":5}},"92":{"start":{"line":244,"column":6},"end":{"line":244,"column":64}},"93":{"start":{"line":248,"column":23},"end":{"line":253,"column":5}},"94":{"start":{"line":255,"column":27},"end":{"line":259,"column":6}},"95":{"start":{"line":260,"column":25},"end":{"line":260,"column":49}},"96":{"start":{"line":262,"column":4},"end":{"line":266,"column":7}},"97":{"start":{"line":268,"column":4},"end":{"line":268,"column":52}},"98":{"start":{"line":269,"column":4},"end":{"line":269,"column":63}}},"fnMap":{"0":{"name":"(anonymous_0)","decl":{"start":{"line":8,"column":33},"end":{"line":8,"column":34}},"loc":{"start":{"line":8,"column":53},"end":{"line":49,"column":1}},"line":8},"1":{"name":"(anonymous_1)","decl":{"start":{"line":52,"column":32},"end":{"line":52,"column":33}},"loc":{"start":{"line":52,"column":52},"end":{"line":82,"column":1}},"line":52},"2":{"name":"(anonymous_2)","decl":{"start":{"line":85,"column":33},"end":{"line":85,"column":34}},"loc":{"start":{"line":85,"column":53},"end":{"line":126,"column":1}},"line":85},"3":{"name":"(anonymous_3)","decl":{"start":{"line":129,"column":41},"end":{"line":129,"column":42}},"loc":{"start":{"line":129,"column":61},"end":{"line":166,"column":1}},"line":129},"4":{"name":"(anonymous_4)","decl":{"start":{"line":169,"column":41},"end":{"line":169,"column":42}},"loc":{"start":{"line":169,"column":61},"end":{"line":189,"column":1}},"line":169},"5":{"name":"(anonymous_5)","decl":{"start":{"line":192,"column":44},"end":{"line":192,"column":45}},"loc":{"start":{"line":192,"column":64},"end":{"line":223,"column":1}},"line":192},"6":{"name":"(anonymous_6)","decl":{"start":{"line":226,"column":50},"end":{"line":226,"column":51}},"loc":{"start":{"line":226,"column":70},"end":{"line":271,"column":1}},"line":226}},"branchMap":{"0":{"loc":{"start":{"line":13,"column":4},"end":{"line":15,"column":5}},"type":"if","locations":[{"start":{"line":13,"column":4},"end":{"line":15,"column":5}},{"start":{},"end":{}}],"line":13},"1":{"loc":{"start":{"line":23,"column":13},"end":{"line":23,"column":37}},"type":"binary-expr","locations":[{"start":{"line":23,"column":13},"end":{"line":23,"column":18}},{"start":{"line":23,"column":22},"end":{"line":23,"column":37}}],"line":23},"2":{"loc":{"start":{"line":28,"column":16},"end":{"line":28,"column":28}},"type":"binary-expr","locations":[{"start":{"line":28,"column":16},"end":{"line":28,"column":22}},{"start":{"line":28,"column":26},"end":{"line":28,"column":28}}],"line":28},"3":{"loc":{"start":{"line":55,"column":4},"end":{"line":57,"column":5}},"type":"if","locations":[{"start":{"line":55,"column":4},"end":{"line":57,"column":5}},{"start":{},"end":{}}],"line":55},"4":{"loc":{"start":{"line":74,"column":20},"end":{"line":74,"column":44}},"type":"binary-expr","locations":[{"start":{"line":74,"column":20},"end":{"line":74,"column":38}},{"start":{"line":74,"column":42},"end":{"line":74,"column":44}}],"line":74},"5":{"loc":{"start":{"line":90,"column":4},"end":{"line":92,"column":5}},"type":"if","locations":[{"start":{"line":90,"column":4},"end":{"line":92,"column":5}},{"start":{},"end":{}}],"line":90},"6":{"loc":{"start":{"line":100,"column":13},"end":{"line":100,"column":37}},"type":"binary-expr","locations":[{"start":{"line":100,"column":13},"end":{"line":100,"column":18}},{"start":{"line":100,"column":22},"end":{"line":100,"column":37}}],"line":100},"7":{"loc":{"start":{"line":105,"column":16},"end":{"line":105,"column":28}},"type":"binary-expr","locations":[{"start":{"line":105,"column":16},"end":{"line":105,"column":22}},{"start":{"line":105,"column":26},"end":{"line":105,"column":28}}],"line":105},"8":{"loc":{"start":{"line":135,"column":4},"end":{"line":137,"column":5}},"type":"if","locations":[{"start":{"line":135,"column":4},"end":{"line":137,"column":5}},{"start":{},"end":{}}],"line":135},"9":{"loc":{"start":{"line":142,"column":13},"end":{"line":142,"column":37}},"type":"binary-expr","locations":[{"start":{"line":142,"column":13},"end":{"line":142,"column":18}},{"start":{"line":142,"column":22},"end":{"line":142,"column":37}}],"line":142},"10":{"loc":{"start":{"line":144,"column":16},"end":{"line":144,"column":28}},"type":"binary-expr","locations":[{"start":{"line":144,"column":16},"end":{"line":144,"column":22}},{"start":{"line":144,"column":26},"end":{"line":144,"column":28}}],"line":144},"11":{"loc":{"start":{"line":174,"column":4},"end":{"line":176,"column":5}},"type":"if","locations":[{"start":{"line":174,"column":4},"end":{"line":176,"column":5}},{"start":{},"end":{}}],"line":174},"12":{"loc":{"start":{"line":180,"column":4},"end":{"line":182,"column":5}},"type":"if","locations":[{"start":{"line":180,"column":4},"end":{"line":182,"column":5}},{"start":{},"end":{}}],"line":180},"13":{"loc":{"start":{"line":180,"column":8},"end":{"line":180,"column":42}},"type":"binary-expr","locations":[{"start":{"line":180,"column":8},"end":{"line":180,"column":14}},{"start":{"line":180,"column":18},"end":{"line":180,"column":42}}],"line":180},"14":{"loc":{"start":{"line":197,"column":4},"end":{"line":199,"column":5}},"type":"if","locations":[{"start":{"line":197,"column":4},"end":{"line":199,"column":5}},{"start":{},"end":{}}],"line":197},"15":{"loc":{"start":{"line":208,"column":4},"end":{"line":210,"column":5}},"type":"if","locations":[{"start":{"line":208,"column":4},"end":{"line":210,"column":5}},{"start":{},"end":{}}],"line":208},"16":{"loc":{"start":{"line":208,"column":8},"end":{"line":208,"column":42}},"type":"binary-expr","locations":[{"start":{"line":208,"column":8},"end":{"line":208,"column":14}},{"start":{"line":208,"column":18},"end":{"line":208,"column":42}}],"line":208},"17":{"loc":{"start":{"line":232,"column":4},"end":{"line":234,"column":5}},"type":"if","locations":[{"start":{"line":232,"column":4},"end":{"line":234,"column":5}},{"start":{},"end":{}}],"line":232},"18":{"loc":{"start":{"line":243,"column":4},"end":{"line":245,"column":5}},"type":"if","locations":[{"start":{"line":243,"column":4},"end":{"line":245,"column":5}},{"start":{},"end":{}}],"line":243},"19":{"loc":{"start":{"line":243,"column":8},"end":{"line":243,"column":42}},"type":"binary-expr","locations":[{"start":{"line":243,"column":8},"end":{"line":243,"column":14}},{"start":{"line":243,"column":18},"end":{"line":243,"column":42}}],"line":243},"20":{"loc":{"start":{"line":249,"column":14},"end":{"line":249,"column":53}},"type":"cond-expr","locations":[{"start":{"line":249,"column":28},"end":{"line":249,"column":39}},{"start":{"line":249,"column":42},"end":{"line":249,"column":53}}],"line":249},"21":{"loc":{"start":{"line":250,"column":22},"end":{"line":250,"column":61}},"type":"binary-expr","locations":[{"start":{"line":250,"column":22},"end":{"line":250,"column":33}},{"start":{"line":250,"column":37},"end":{"line":250,"column":61}}],"line":250},"22":{"loc":{"start":{"line":265,"column":15},"end":{"line":265,"column":95}},"type":"cond-expr","locations":[{"start":{"line":265,"column":29},"end":{"line":265,"column":62}},{"start":{"line":265,"column":65},"end":{"line":265,"column":95}}],"line":265}},"s":{"0":0,"1":0,"2":0,"3":0,"4":0,"5":0,"6":0,"7":0,"8":0,"9":0,"10":0,"11":0,"12":0,"13":0,"14":0,"15":0,"16":0,"17":0,"18":0,"19":0,"20":0,"21":0,"22":0,"23":0,"24":0,"25":0,"26":0,"27":0,"28":0,"29":0,"30":0,"31":0,"32":0,"33":0,"34":0,"35":0,"36":0,"37":0,"38":0,"39":0,"40":0,"41":0,"42":0,"43":0,"44":0,"45":0,"46":0,"47":0,"48":0,"49":0,"50":0,"51":0,"52":0,"53":0,"54":0,"55":0,"56":0,"57":0,"58":0,"59":0,"60":0,"61":0,"62":0,"63":0,"64":0,"65":0,"66":0,"67":0,"68":0,"69":0,"70":0,"71":0,"72":0,"73":0,"74":0,"75":0,"76":0,"77":0,"78":0,"79":0,"80":0,"81":0,"82":0,"83":0,"84":0,"85":0,"86":0,"87":0,"88":0,"89":0,"90":0,"91":0,"92":0,"93":0,"94":0,"95":0,"96":0,"97":0,"98":0},"f":{"0":0,"1":0,"2":0,"3":0,"4":0,"5":0,"6":0},"b":{"0":[0,0],"1":[0,0],"2":[0,0],"3":[0,0],"4":[0,0],"5":[0,0],"6":[0,0],"7":[0,0],"8":[0,0],"9":[0,0],"10":[0,0],"11":[0,0],"12":[0,0],"13":[0,0],"14":[0,0],"15":[0,0],"16":[0,0],"17":[0,0],"18":[0,0],"19":[0,0],"20":[0,0],"21":[0,0],"22":[0,0]}}
,"/home/runner/workspace/server/services/directus/index.ts": {"path":"/home/runner/workspace/server/services/directus/index.ts","statementMap":{},"fnMap":{},"branchMap":{},"s":{},"f":{},"b":{}}
}
